ggml_vulkan: Found 2 Vulkan devices:
ggml_vulkan: 0 = NVIDIA GeForce RTX 5070 (NVIDIA) | uma: 0 | fp16: 1 | bf16: 1 | warp size: 32 | shared memory: 49152 | int dot: 1 | matrix cores: NV_coopmat2
ggml_vulkan: 1 = Intel(R) UHD Graphics 770 (Intel Corporation) | uma: 1 | fp16: 1 | bf16: 0 | warp size: 32 | shared memory: 32768 | int dot: 1 | matrix cores: none
[whisper-benchmark] Checking CPU compatibility...
[whisper-benchmark] Using cached model: ggml-medium.en-jlvatc-q5_0.bin
[whisper-benchmark] Warming up ggml-medium.en-jlvatc-q5_0.bin...
Launching HTTP server on port 6503
[whisper-benchmark] Selected: ggml-medium.en-jlvatc-q5_0.bin
contact am_eric: "Myrtle Departure, November three two seven Pahpah tango, leaving one thousand for three thousand." in 631.5719ms
time=2026-04-22T21:44:14.582-04:00 level=WARN msg="Subscriber has not called Get() recently" callstack="[eventstream.go:123:/sim.(*EventStream).monitor asm_amd64.s:1693:runtime.goexit]" duration=14.8472382s subscriber.offset=0 subscriber.source=C:/Users/judlo/Documents/vice/vice/eram/eram.go:204 subscriber.last_get=2026-04-22T21:43:59.734-04:00
time=2026-04-22T21:44:14.582-04:00 level=WARN msg="Subscriber has not called Get() recently" callstack="[eventstream.go:123:/sim.(*EventStream).monitor asm_amd64.s:1693:runtime.goexit]" duration=14.8447311s subscriber.offset=0 subscriber.source=C:/Users/judlo/Documents/vice/vice/panes/messages.go:62 subscriber.last_get=2026-04-22T21:43:59.737-04:00

[MOUSE] Click, transientCommandHandlers=0
[MOUSE] status.Clear=0, status.CommandHandlers=0, err=<nil>

[MOUSE] Click, transientCommandHandlers=0
[MOUSE] status.Clear=0, status.CommandHandlers=0, err=<nil>

[MOUSE] Click, transientCommandHandlers=0
[MOUSE] status.Clear=0, status.CommandHandlers=0, err=<nil>

[MOUSE] Click, transientCommandHandlers=0
[MOUSE] status.Clear=0, status.CommandHandlers=0, err=<nil>

[MOUSE] Click, transientCommandHandlers=0
[MOUSE] status.Clear=0, status.CommandHandlers=0, err=<nil>

[MOUSE] Click, transientCommandHandlers=0
[MOUSE] status.Clear=0, status.CommandHandlers=0, err=<nil>

[MOUSE] Click, transientCommandHandlers=0
[MOUSE] status.Clear=0, status.CommandHandlers=0, err=<nil>

[MOUSE] Click, transientCommandHandlers=0
[MOUSE] status.Clear=0, status.CommandHandlers=0, err=<nil>

[MOUSE] Click, transientCommandHandlers=0
[MOUSE] status.Clear=0, status.CommandHandlers=0, err=<nil>

[MOUSE] Click, transientCommandHandlers=0
[MOUSE] status.Clear=0, status.CommandHandlers=0, err=<nil>

[MOUSE] Click, transientCommandHandlers=0
[MOUSE] status.Clear=0, status.CommandHandlers=0, err=<nil>
